0 verbose cli C:\Program Files\nodejs\node.exe C:\Users\hp\AppData\Roaming\npm\node_modules\npm\bin\npm-cli.js
1 info using npm@10.9.0
2 info using node@v22.16.0
3 silly config load:file:C:\Users\hp\AppData\Roaming\npm\node_modules\npm\npmrc
4 silly config load:file:C:\Users\hp\Desktop\Web-dev\React-SSD\.npmrc
5 silly config load:file:C:\Users\hp\.npmrc
6 silly config load:file:C:\Users\hp\AppData\Roaming\npm\etc\npmrc
7 verbose title npm exec create-vite@6.5.0
8 verbose argv "exec" "--" "create-vite@6.5.0"
9 verbose logfile logs-max:10 dir:C:\Users\hp\Desktop\Web-dev\React-SSD\UsershpAppDataLocalTempnpm-cache\_logs\2025-06-29T13_38_13_735Z-
10 verbose logfile C:\Users\hp\Desktop\Web-dev\React-SSD\UsershpAppDataLocalTempnpm-cache\_logs\2025-06-29T13_38_13_735Z-debug-0.log
11 silly logfile done cleaning log files
12 silly packumentCache heap:2197815296 maxSize:549453824 maxEntrySize:274726912
13 http fetch GET 200 https://registry.npmjs.org/create-vite 404ms (cache updated)
14 silly packumentCache heap:2197815296 maxSize:549453824 maxEntrySize:274726912
15 silly packumentCache heap:2197815296 maxSize:549453824 maxEntrySize:274726912
16 http fetch GET 200 https://registry.npmjs.org/npm 772ms
17 silly idealTree buildDeps
18 silly fetch manifest create-vite@6.5.0
19 silly packumentCache full:https://registry.npmjs.org/create-vite cache-miss
20 http fetch GET 200 https://registry.npmjs.org/create-vite 142ms (cache updated)
21 silly packumentCache full:https://registry.npmjs.org/create-vite set size:undefined disposed:false
22 silly placeDep ROOT create-vite@6.5.0 OK for:  want: 6.5.0
23 silly reify moves {}
24 silly audit bulk request { 'create-vite': [ '6.5.0' ] }
25 http fetch POST 200 https://registry.npmjs.org/-/npm/v1/security/advisories/bulk 484ms
26 silly audit report {}
27 verbose cwd C:\Users\hp\Desktop\Web-dev\React-SSD
28 verbose os Windows_NT 10.0.26100
29 verbose node v22.16.0
30 verbose npm  v10.9.0
31 notice
31 notice New [31mmajor[39m version of npm available! [31m10.9.0[39m -> [34m11.4.2[39m
31 notice Changelog: [34mhttps://github.com/npm/cli/releases/tag/v11.4.2[39m
31 notice To update run: [4mnpm install -g npm@11.4.2[24m
31 notice  { force: true, [Symbol(proc-log.meta)]: true }
32 verbose exit 0
33 info ok
