0 verbose cli C:\Program Files\nodejs\node.exe C:\Users\hp\AppData\Roaming\npm\node_modules\npm\bin\npm-cli.js
1 info using npm@10.9.0
2 info using node@v20.15.1
3 silly config load:file:C:\Users\hp\AppData\Roaming\npm\node_modules\npm\npmrc
4 silly config load:file:C:\Users\hp\Desktop\React-SSD\.npmrc
5 silly config load:file:C:\Users\hp\.npmrc
6 silly config load:file:C:\Users\hp\AppData\Roaming\npm\etc\npmrc
7 verbose title npm create vite@latest
8 verbose argv "create" "vite@latest"
9 verbose logfile logs-max:10 dir:C:\Users\hp\Desktop\React-SSD\UsershpAppDataLocalTempnpm-cache\_logs\2025-06-15T09_11_45_938Z-
10 verbose logfile C:\Users\hp\Desktop\React-SSD\UsershpAppDataLocalTempnpm-cache\_logs\2025-06-15T09_11_45_938Z-debug-0.log
11 silly logfile done cleaning log files
12 silly packumentCache heap:2197815296 maxSize:549453824 maxEntrySize:274726912
13 http fetch GET 200 https://registry.npmjs.org/create-vite 543ms (cache revalidated)
14 silly packumentCache heap:2197815296 maxSize:549453824 maxEntrySize:274726912
15 verbose cwd C:\Users\hp\Desktop\React-SSD
16 verbose os Windows_NT 10.0.26100
17 verbose node v20.15.1
18 verbose npm  v10.9.0
19 verbose exit 0
20 info ok
