0 verbose cli C:\Program Files\nodejs\node.exe C:\Users\hp\AppData\Roaming\npm\node_modules\npm\bin\npm-cli.js
1 info using npm@10.9.0
2 info using node@v20.15.1
3 silly config load:file:C:\Users\hp\AppData\Roaming\npm\node_modules\npm\npmrc
4 silly config load:file:C:\Users\hp\Desktop\React-SSD\.npmrc
5 silly config load:file:C:\Users\hp\.npmrc
6 silly config load:file:C:\Users\hp\AppData\Roaming\npm\etc\npmrc
7 verbose title npm create vite@latest
8 verbose argv "create" "vite@latest"
9 verbose logfile logs-max:10 dir:C:\Users\hp\Desktop\React-SSD\UsershpAppDataLocalTempnpm-cache\_logs\2025-06-09T18_15_16_612Z-
10 verbose logfile C:\Users\hp\Desktop\React-SSD\UsershpAppDataLocalTempnpm-cache\_logs\2025-06-09T18_15_16_612Z-debug-0.log
11 silly logfile done cleaning log files
12 silly packumentCache heap:2197815296 maxSize:549453824 maxEntrySize:274726912
13 http fetch GET 200 https://registry.npmjs.org/create-vite 722ms (cache revalidated)
14 silly packumentCache heap:2197815296 maxSize:549453824 maxEntrySize:274726912
15 silly idealTree buildDeps
16 silly fetch manifest create-vite@6.5.0
17 silly packumentCache full:https://registry.npmjs.org/create-vite cache-miss
18 http fetch GET 200 https://registry.npmjs.org/create-vite 254ms (cache revalidated)
19 silly packumentCache full:https://registry.npmjs.org/create-vite set size:187444 disposed:false
20 silly placeDep ROOT create-vite@6.5.0 OK for:  want: 6.5.0
21 silly reify moves {}
22 silly audit bulk request { 'create-vite': [ '6.5.0' ] }
23 silly tarball no local data for create-vite@https://registry.npmjs.org/create-vite/-/create-vite-6.5.0.tgz. Extracting by manifest.
24 http fetch POST 200 https://registry.npmjs.org/-/npm/v1/security/advisories/bulk 500ms
25 silly audit report {}
26 http fetch GET 200 https://registry.npmjs.org/create-vite/-/create-vite-6.5.0.tgz 1030ms (cache miss)
27 verbose cwd C:\Users\hp\Desktop\React-SSD
28 verbose os Windows_NT 10.0.26100
29 verbose node v20.15.1
30 verbose npm  v10.9.0
31 verbose exit 0
32 info ok
